Loaded 119978 data points from ../src/sensors/data/pcd/data_1/0000000000.pcd
filtering took 11 milliseconds
plane segmentation took 150 milliseconds
clustering took 21 milliseconds and found 9 clusters
cluster size 164
cluster size 177
cluster size 59
cluster size 227
cluster size 294
cluster size 72
cluster size 301
cluster size 29
cluster size 87
Loaded 118703 data points from ../src/sensors/data/pcd/data_1/0000000001.pcd
filtering took 10 milliseconds
plane segmentation took 139 milliseconds
clustering took 25 milliseconds and found 7 clusters
cluster size 275
cluster size 168
cluster size 241
cluster size 410
cluster size 169
cluster size 19
cluster size 63
Loaded 116651 data points from ../src/sensors/data/pcd/data_1/0000000002.pcd
filtering took 11 milliseconds
plane segmentation took 159 milliseconds
clustering took 23 milliseconds and found 7 clusters
cluster size 158
cluster size 239
cluster size 225
cluster size 439
cluster size 147
cluster size 15
cluster size 88
Loaded 115651 data points from ../src/sensors/data/pcd/data_1/0000000003.pcd
filtering took 11 milliseconds
plane segmentation took 158 milliseconds
clustering took 24 milliseconds and found 9 clusters
cluster size 144
cluster size 233
cluster size 185
cluster size 444
cluster size 109
cluster size 11
cluster size 96
cluster size 12
cluster size 23
Loaded 115151 data points from ../src/sensors/data/pcd/data_1/0000000004.pcd
filtering took 10 milliseconds
plane segmentation took 172 milliseconds
clustering took 24 milliseconds and found 10 clusters
cluster size 214
cluster size 20
cluster size 182
cluster size 488
cluster size 125
cluster size 103
cluster size 123
cluster size 13
cluster size 17
cluster size 11
Loaded 114969 data points from ../src/sensors/data/pcd/data_1/0000000005.pcd
filtering took 10 milliseconds
plane segmentation took 150 milliseconds
clustering took 22 milliseconds and found 9 clusters
cluster size 133
cluster size 215
cluster size 23
cluster size 539
cluster size 58
cluster size 48
cluster size 10
cluster size 111
cluster size 186
Loaded 114396 data points from ../src/sensors/data/pcd/data_1/0000000006.pcd
filtering took 11 milliseconds
plane segmentation took 134 milliseconds
clustering took 19 milliseconds and found 9 clusters
cluster size 23
cluster size 117
cluster size 437
cluster size 117
cluster size 195
cluster size 73
cluster size 94
cluster size 178
cluster size 23
Loaded 114874 data points from ../src/sensors/data/pcd/data_1/0000000007.pcd
filtering took 11 milliseconds
plane segmentation took 139 milliseconds
clustering took 26 milliseconds and found 9 clusters
cluster size 220
cluster size 175
cluster size 24
cluster size 123
cluster size 469
cluster size 86
cluster size 99
cluster size 193
cluster size 17
Loaded 115237 data points from ../src/sensors/data/pcd/data_1/0000000008.pcd
filtering took 11 milliseconds
plane segmentation took 147 milliseconds
clustering took 20 milliseconds and found 8 clusters
cluster size 211
cluster size 132
cluster size 144
cluster size 185
cluster size 469
cluster size 204
cluster size 28
cluster size 24
Loaded 115048 data points from ../src/sensors/data/pcd/data_1/0000000009.pcd
filtering took 10 milliseconds
plane segmentation took 145 milliseconds
clustering took 19 milliseconds and found 8 clusters
cluster size 24
cluster size 166
cluster size 205
cluster size 353
cluster size 169
cluster size 63
cluster size 138
cluster size 218
Loaded 116007 data points from ../src/sensors/data/pcd/data_1/0000000010.pcd
filtering took 8 milliseconds
plane segmentation took 130 milliseconds
clustering took 23 milliseconds and found 8 clusters
cluster size 67
cluster size 254
cluster size 240
cluster size 20
cluster size 173
cluster size 158
cluster size 398
cluster size 130
Loaded 118644 data points from ../src/sensors/data/pcd/data_1/0000000011.pcd
filtering took 11 milliseconds
plane segmentation took 136 milliseconds
clustering took 20 milliseconds and found 8 clusters
cluster size 253
cluster size 140
cluster size 250
cluster size 190
cluster size 158
cluster size 427
cluster size 16
cluster size 17
Loaded 120123 data points from ../src/sensors/data/pcd/data_1/0000000012.pcd
filtering took 11 milliseconds
plane segmentation took 143 milliseconds
clustering took 20 milliseconds and found 9 clusters
cluster size 244
cluster size 171
cluster size 216
cluster size 32
cluster size 201
cluster size 174
cluster size 417
cluster size 17
cluster size 14
Loaded 120571 data points from ../src/sensors/data/pcd/data_1/0000000013.pcd
filtering took 9 milliseconds
plane segmentation took 153 milliseconds
clustering took 25 milliseconds and found 9 clusters
cluster size 229
cluster size 217
cluster size 172
cluster size 171
cluster size 400
cluster size 176
cluster size 57
cluster size 20
cluster size 11
Loaded 120769 data points from ../src/sensors/data/pcd/data_1/0000000014.pcd
filtering took 10 milliseconds
plane segmentation took 155 milliseconds
clustering took 20 milliseconds and found 8 clusters
cluster size 242
cluster size 239
cluster size 149
cluster size 169
cluster size 410
cluster size 183
cluster size 82
cluster size 11
Loaded 121069 data points from ../src/sensors/data/pcd/data_1/0000000015.pcd
filtering took 12 milliseconds
plane segmentation took 156 milliseconds
clustering took 23 milliseconds and found 7 clusters
cluster size 351
cluster size 228
cluster size 233
cluster size 143
cluster size 182
cluster size 177
cluster size 96
Loaded 121064 data points from ../src/sensors/data/pcd/data_1/0000000016.pcd
filtering took 9 milliseconds
plane segmentation took 148 milliseconds
clustering took 20 milliseconds and found 9 clusters
cluster size 252
cluster size 220
cluster size 254
cluster size 143
cluster size 177
cluster size 78
cluster size 199
cluster size 13
cluster size 13
Loaded 120942 data points from ../src/sensors/data/pcd/data_1/0000000017.pcd
filtering took 9 milliseconds
plane segmentation took 154 milliseconds
clustering took 18 milliseconds and found 7 clusters
cluster size 153
cluster size 172
cluster size 145
cluster size 183
cluster size 215
cluster size 111
cluster size 265
Loaded 120929 data points from ../src/sensors/data/pcd/data_1/0000000018.pcd
filtering took 11 milliseconds
plane segmentation took 153 milliseconds
clustering took 17 milliseconds and found 7 clusters
cluster size 182
cluster size 142
cluster size 175
cluster size 183
cluster size 104
cluster size 271
cluster size 10
Loaded 120854 data points from ../src/sensors/data/pcd/data_1/0000000019.pcd
filtering took 10 milliseconds
plane segmentation took 150 milliseconds
clustering took 16 milliseconds and found 6 clusters
cluster size 167
cluster size 160
cluster size 170
cluster size 207
cluster size 118
cluster size 297
Loaded 121098 data points from ../src/sensors/data/pcd/data_1/0000000020.pcd
filtering took 10 milliseconds
plane segmentation took 162 milliseconds
clustering took 17 milliseconds and found 6 clusters
cluster size 143
cluster size 151
cluster size 181
cluster size 204
cluster size 129
cluster size 314
Loaded 121208 data points from ../src/sensors/data/pcd/data_1/0000000021.pcd
filtering took 10 milliseconds
plane segmentation took 147 milliseconds
clustering took 17 milliseconds and found 6 clusters
cluster size 136
cluster size 175
cluster size 324
cluster size 171
cluster size 210
cluster size 122